\BOOKMARK [0][-]{chapter*.2}{\376\377\000B\000e\000v\000e\000z\000e\000t\000\351\000s}{}% 1
\BOOKMARK [0][-]{chapter.1}{\376\377\0001\000.\000\040\000T\000e\000c\000h\000n\000o\000l\000\363\000g\000i\000a\000i\000\040\000\341\000t\000t\000e\000k\000i\000n\000t\000\351\000s}{}% 2
\BOOKMARK [1][-]{section.1.1}{\376\377\0001\000.\0001\000.\000\040\000G\000o\000d\000o\000t\000\040\000E\000n\000g\000i\000n\000e}{chapter.1}% 3
\BOOKMARK [2][-]{subsection.1.1.1}{\376\377\0001\000.\0001\000.\0001\000.\000\040\000G\000D\000S\000c\000r\000i\000p\000t\000\040\000n\000y\000e\000l\000v}{section.1.1}% 4
\BOOKMARK [2][-]{subsection.1.1.2}{\376\377\0001\000.\0001\000.\0002\000.\000\040\000A\000\040\000G\000o\000d\000o\000t\000\040\000v\000e\000r\000z\000\363\000i\000n\000a\000k\000\040\000\341\000t\000t\000e\000k\000i\000n\000t\000\351\000s\000e}{section.1.1}% 5
\BOOKMARK [2][-]{subsection.1.1.3}{\376\377\0001\000.\0001\000.\0003\000.\000\040\000L\000i\000c\000e\000n\000s\000z\000i\000\040\000k\000\351\000r\000d\000\351\000s\000e\000k}{section.1.1}% 6
\BOOKMARK [2][-]{subsection.1.1.4}{\376\377\0001\000.\0001\000.\0004\000.\000\040\000A\000\040\000m\000o\000t\000o\000r\000\040\000f\001\121\000\040\000e\000r\001\121\000s\000s\000\351\000g\000e\000i}{section.1.1}% 7
\BOOKMARK [1][-]{section.1.2}{\376\377\0001\000.\0002\000.\000\040\000U\000n\000r\000e\000a\000l\000\040\000E\000n\000g\000i\000n\000e}{chapter.1}% 8
\BOOKMARK [2][-]{subsection.1.2.1}{\376\377\0001\000.\0002\000.\0001\000.\000\040\000B\000l\000u\000e\000p\000r\000i\000n\000t}{section.1.2}% 9
\BOOKMARK [2][-]{subsection.1.2.2}{\376\377\0001\000.\0002\000.\0002\000.\000\040\000U\000n\000r\000e\000a\000l\000\040\000E\000n\000g\000i\000n\000e\000\040\000v\000e\000r\000z\000i\000\363\000i\000n\000a\000k\000\040\000\341\000t\000t\000e\000k\000i\000n\000t\000\351\000s\000e}{section.1.2}% 10
\BOOKMARK [2][-]{subsection.1.2.3}{\376\377\0001\000.\0002\000.\0003\000.\000\040\000L\000i\000c\000e\000n\000s\000z\000i\000\040\000k\000\351\000r\000d\000\351\000s\000e\000k}{section.1.2}% 11
\BOOKMARK [2][-]{subsection.1.2.4}{\376\377\0001\000.\0002\000.\0004\000.\000\040\000A\000\040\000m\000o\000t\000o\000r\000\040\000f\001\121\000\040\000e\000r\001\121\000s\000s\000\351\000g\000e\000i}{section.1.2}% 12
\BOOKMARK [1][-]{section.1.3}{\376\377\0001\000.\0003\000.\000\040\000U\000n\000i\000t\000y}{chapter.1}% 13
\BOOKMARK [2][-]{subsection.1.3.1}{\376\377\0001\000.\0003\000.\0001\000.\000\040\000P\000r\000o\000g\000r\000a\000m\000o\000z\000\341\000s\000i\000\040\000n\000y\000e\000l\000v}{section.1.3}% 14
\BOOKMARK [2][-]{subsection.1.3.2}{\376\377\0001\000.\0003\000.\0002\000.\000\040\000f\000o\000n\000t\000o\000s\000a\000b\000b\000\040\000v\000e\000r\000z\000i\000\363\000k}{section.1.3}% 15
\BOOKMARK [2][-]{subsection.1.3.3}{\376\377\0001\000.\0003\000.\0003\000.\000\040\000l\000i\000c\000e\000n\000s\000z\000e\000l\000\351\000s\000i\000\040\000k\000\351\000r\000d\000\351\000s\000e\000k}{section.1.3}% 16
\BOOKMARK [2][-]{subsection.1.3.4}{\376\377\0001\000.\0003\000.\0004\000.\000\040\000f\001\121\000b\000b\000\040\000e\000r\001\121\000s\000s\000\351\000g\000e\000i}{section.1.3}% 17
\BOOKMARK [2][-]{subsection.1.3.5}{\376\377\0001\000.\0003\000.\0005\000.\000\040\000J\000e\000l\000e\000n\000e\000t\000e\000k}{section.1.3}% 18
\BOOKMARK [2][-]{subsection.1.3.6}{\376\377\0001\000.\0003\000.\0006\000.\000\040\000G\000a\000m\000e\000O\000b\000j\000e\000c\000t}{section.1.3}% 19
\BOOKMARK [2][-]{subsection.1.3.7}{\376\377\0001\000.\0003\000.\0007\000.\000\040\000E\000d\000i\000t\000o\000r}{section.1.3}% 20
\BOOKMARK [0][-]{chapter.2}{\376\377\0002\000.\000\040\000R\000e\000n\000d\000s\000z\000e\000r\000t\000e\000r\000v}{}% 21
\BOOKMARK [0][-]{chapter.3}{\376\377\0003\000.\000\040\000S\000a\000j\000\341\000t\000\040\000p\000r\000o\000j\000e\000k\000t\000\040\000f\000e\000j\000l\000e\000s\000z\000t\000\351\000s\000e}{}% 22
\BOOKMARK [0][-]{chapter.4}{\376\377\0004\000.\000\040\000T\000e\000s\000z\000t\000e\000l\000\351\000s}{}% 23
\BOOKMARK [0][-]{chapter*.23}{\376\377\000\326\000s\000s\000z\000e\000g\000z\000\351\000s}{}% 24
\BOOKMARK [0][-]{chapter*.24}{\376\377\000\301\000b\000r\000\341\000k\000\040\000j\000e\000g\000y\000z\000\351\000k\000e}{}% 25
\BOOKMARK [0][-]{chapter*.26}{\376\377\000I\000r\000o\000d\000a\000l\000o\000m\000j\000e\000g\000y\000z\000\351\000k}{}% 26
